   Compiling leftwm-config v0.0.1 (/home/blackdragon2447/eclipse-workspace/rust-workspace/leftwm-config)
warning: variable does not need to be mutable
   --> src/utils/tui.rs:451:33
    |
451 | ...                   let mut field_list = if let Some(c) = currentworkspace {
    |                           ----^^^^^^^^^^
    |                           |
    |                           help: remove this `mut`
    |
    = note: `#[warn(unused_mut)]` on by default

warning: field is never read: `items`
  --> src/utils/tui.rs:33:5
   |
33 |     items: usize,
   |     ^^^^^^^^^^^^
   |
   = note: `#[warn(dead_code)]` on by default

warning: field is never read: `items_list_state`
  --> src/utils/tui.rs:34:5
   |
34 |     items_list_state: ListState,
   |     ^^^^^^^^^^^^^^^^^^^^^^^^^^^

warning: `leftwm-config` (bin "leftwm-config") generated 3 warnings
    Finished release [optimized] target(s) in 5.55s
     Running `target/release/leftwm-config -t`
thread 'main' panicked at 'called `Option::unwrap()` on a `None` value', src/utils/tui.rs:483:80
note: run with `RUST_BACKTRACE=1` environment variable to display a backtrace
